<?xml version="1.0" encoding="UTF-8"?>
<!-- Generated by org.testng.reporters.JUnitReportReporter -->
<testsuite hostname="DESKTOP-BREVGEI" failures="0" tests="1" name="com.crm.testCases.TC09VerifyJETBLeadCASA" time="353.464" errors="0" timestamp="2022-09-09T14:38:06 IST" skipped="0">
  <testcase classname="com.crm.testCases.TC09VerifyJETBLeadCASA" name="VerifyJETBCASA" time="353.464"/>
  <system-out/>
</testsuite> <!-- com.crm.testCases.TC09VerifyJETBLeadCASA -->
