<?xml version="1.0" encoding="UTF-8"?>
<!-- Generated by org.testng.reporters.JUnitReportReporter -->
<testsuite hostname="DESKTOP-BREVGEI" failures="0" tests="1" name="com.crm.testCases.TC07VerifyJETBLeadBanca" time="249.565" errors="0" timestamp="2022-09-09T14:38:06 IST" skipped="0">
  <testcase classname="com.crm.testCases.TC07VerifyJETBLeadBanca" name="JETBLeadBanca" time="249.565"/>
  <system-out/>
</testsuite> <!-- com.crm.testCases.TC07VerifyJETBLeadBanca -->
