<?xml version="1.0" encoding="UTF-8"?>
<!-- Generated by org.testng.reporters.JUnitReportReporter -->
<testsuite hostname="DESKTOP-BREVGEI" failures="0" tests="1" name="com.crm.testCases.TC12VerifyJLeadDedupe" time="76.797" errors="0" timestamp="2022-09-09T15:58:50 IST" skipped="0">
  <testcase classname="com.crm.testCases.TC12VerifyJLeadDedupe" name="VerifyJLeadDedupe" time="76.797"/>
  <system-out/>
</testsuite> <!-- com.crm.testCases.TC12VerifyJLeadDedupe -->
