<?xml version="1.0" encoding="UTF-8"?>
<!-- Generated by org.testng.reporters.JUnitReportReporter -->
<testsuite hostname="DESKTOP-BREVGEI" failures="0" tests="1" name="com.crm.testCases.TC13VerifyJNTBCase" time="138.032" errors="0" timestamp="2022-09-09T14:38:06 IST" skipped="0">
  <testcase classname="com.crm.testCases.TC13VerifyJNTBCase" name="VerifyJNTBCase" time="138.032"/>
  <system-out/>
</testsuite> <!-- com.crm.testCases.TC13VerifyJNTBCase -->
